Using pre-set license
Built from '2020.3/staging' branch; Version is '2020.3.26f1 (7298b473bc1a) revision 7510196'; Using compiler version '192528614'; Build Type 'Release'
OS: 'Windows 10  (10.0.19044) 64bit CoreSingleLanguage' Language: 'ru' Physical Memory: 8025 MB
BatchMode: 1, IsHumanControllingUs: 0, StartBugReporterOnCrash: 0, Is64bit: 1, IsPro: 0

COMMAND LINE ARGUMENTS:
D:\UE\2020.3.26f1\Editor\Unity.exe
-adb2
-batchMode
-noUpm
-name
AssetImportWorker0
-projectPath
C:/Users/yawll/OneDrive/Документы/Проект/Kursach
-logFile
Logs/AssetImportWorker0.log
-srvPort
64783
Successfully changed project path to: C:/Users/yawll/OneDrive/Документы/Проект/Kursach
C:/Users/yawll/OneDrive/Документы/Проект/Kursach
Using Asset Import Pipeline V2.
Refreshing native plugins compatible for Editor in 61.12 ms, found 3 plugins.
Preloading 0 native plugins for Editor in 0.00 ms.
Initialize engine version: 2020.3.26f1 (7298b473bc1a)
[Subsystems] Discovering subsystems at path D:/UE/2020.3.26f1/Editor/Data/Resources/UnitySubsystems
[Subsystems] Discovering subsystems at path C:/Users/yawll/OneDrive/Документы/Проект/Kursach/Assets
GfxDevice: creating device client; threaded=0
Direct3D:
    Version:  Direct3D 11.0 [level 11.1]
    Renderer: Intel(R) UHD Graphics (ID=0x9b41)
    Vendor:   
    VRAM:     4012 MB
    Driver:   27.20.100.8984
Initialize mono
Mono path[0] = 'D:/UE/2020.3.26f1/Editor/Data/Managed'
Mono path[1] = 'D:/UE/2020.3.26f1/Editor/Data/MonoBleedingEdge/lib/mono/unityjit'
Mono config path = 'D:/UE/2020.3.26f1/Editor/Data/MonoBleedingEdge/etc'
Using monoOptions --debugger-agent=transport=dt_socket,embedding=1,server=y,suspend=n,address=127.0.0.1:56592
Begin MonoManager ReloadAssembly
Registering precompiled unity dll's ...
Register platform support module: D:/UE/2020.3.26f1/Editor/Data/PlaybackEngines/WindowsStandaloneSupport/UnityEditor.WindowsStandalone.Extensions.dll
Registered in 0.001164 seconds.
Native extension for WindowsStandalone target not found
Refreshing native plugins compatible for Editor in 58.94 ms, found 3 plugins.
Preloading 0 native plugins for Editor in 0.00 ms.
Mono: successfully reloaded assembly
- Completed reload, in  0.783 seconds
Domain Reload Profiling:
	ReloadAssembly (783ms)
		BeginReloadAssembly (65ms)
			ExecutionOrderSort (0ms)
			DisableScriptedObjects (0ms)
			BackupInstance (0ms)
			ReleaseScriptingObjects (0ms)
			CreateAndSetChildDomain (1ms)
		EndReloadAssembly (621ms)
			LoadAssemblies (64ms)
			RebuildTransferFunctionScriptingTraits (0ms)
			SetupTypeCache (223ms)
			ReleaseScriptCaches (0ms)
			RebuildScriptCaches (45ms)
			SetupLoadedEditorAssemblies (217ms)
				LogAssemblyErrors (0ms)
				InitializePlatformSupportModulesInManaged (5ms)
				SetLoadedEditorAssemblies (0ms)
				RefreshPlugins (59ms)
				BeforeProcessingInitializeOnLoad (8ms)
				ProcessInitializeOnLoadAttributes (117ms)
				ProcessInitializeOnLoadMethodAttributes (28ms)
				AfterProcessingInitializeOnLoad (0ms)
				EditorAssembliesLoaded (0ms)
			ExecutionOrderSort2 (0ms)
			AwakeInstancesAfterBackupRestoration (0ms)
Platform modules already initialized, skipping
Registering precompiled user dll's ...
Registered in 0.004717 seconds.
Begin MonoManager ReloadAssembly
Native extension for WindowsStandalone target not found
Refreshing native plugins compatible for Editor in 52.92 ms, found 3 plugins.
Preloading 0 native plugins for Editor in 0.00 ms.
Mono: successfully reloaded assembly
- Completed reload, in  1.314 seconds
Domain Reload Profiling:
	ReloadAssembly (1315ms)
		BeginReloadAssembly (191ms)
			ExecutionOrderSort (0ms)
			DisableScriptedObjects (4ms)
			BackupInstance (0ms)
			ReleaseScriptingObjects (0ms)
			CreateAndSetChildDomain (18ms)
		EndReloadAssembly (1036ms)
			LoadAssemblies (163ms)
			RebuildTransferFunctionScriptingTraits (0ms)
			SetupTypeCache (352ms)
			ReleaseScriptCaches (0ms)
			RebuildScriptCaches (51ms)
			SetupLoadedEditorAssemblies (383ms)
				LogAssemblyErrors (0ms)
				InitializePlatformSupportModulesInManaged (3ms)
				SetLoadedEditorAssemblies (0ms)
				RefreshPlugins (53ms)
				BeforeProcessingInitializeOnLoad (67ms)
				ProcessInitializeOnLoadAttributes (236ms)
				ProcessInitializeOnLoadMethodAttributes (21ms)
				AfterProcessingInitializeOnLoad (2ms)
				EditorAssembliesLoaded (0ms)
			ExecutionOrderSort2 (0ms)
			AwakeInstancesAfterBackupRestoration (6ms)
Platform modules already initialized, skipping
========================================================================
Worker process is ready to serve import requests
Launched and connected shader compiler UnityShaderCompiler.exe after 0.05 seconds
Refreshing native plugins compatible for Editor in 0.57 ms, found 3 plugins.
Preloading 0 native plugins for Editor in 0.00 ms.
Unloading 2349 Unused Serialized files (Serialized files now loaded: 0)
System memory in use before: 101.5 MB.
System memory in use after: 101.7 MB.

Unloading 29 unused Assets to reduce memory usage. Loaded Objects now: 2784.
Total: 3.102600 ms (FindLiveObjects: 0.189900 ms CreateObjectMapping: 0.109100 ms MarkObjects: 2.737300 ms  DeleteObjects: 0.065300 ms)

AssetImportParameters requested are different than current active one (requested -> active):
  custom:framework-win-MediaFoundation: 216162199b28c13a410421893ffa2e32 -> 
  custom:video-decoder-ogg-theora: a1e56fd34408186e4bbccfd4996cb3dc -> 
  custom:container-muxer-webm: aa71ff27fc2769a1b78a27578f13a17b -> 
  custom:container-demuxer-webm: 4f35f7cbe854078d1ac9338744f61a02 -> 
  custom:container-demuxer-ogg: 62fdf1f143b41e24485cea50d1cbac27 -> 
  custom:video-encoder-webm-vp8: eb34c28f22e8b96e1ab97ce403110664 -> 
  custom:video-codec-MediaFoundation-h265: 746d11721c4dcdbdad8f713fa42b33f4 -> 
  custom:video-decoder-webm-vp8: 9c59270c3fd7afecdb556c50c9e8de78 -> 
  custom:audio-decoder-ogg-vorbis: bf7c407c2cedff20999df2af8eb42d56 -> 
  custom:audio-encoder-webm-vorbis: bf7c407c2cedff20999df2af8eb42d56 -> 
========================================================================
Received Import Request.
  path: Assets/Hero/Slide.png
  artifactKey: Guid(e52f9cdff648f3d4e837c50ee194a038) Importer(815301076,1909f56bfc062723c751e8b465ee728b)
Start importing Assets/Hero/Slide.png using Guid(e52f9cdff648f3d4e837c50ee194a038) Importer(815301076,1909f56bfc062723c751e8b465ee728b)  -> (artifact id: 'd508f366bdbb6a20a4f83c9af0fd765b') in 0.113613 seconds 
  Import took 0.116927 seconds .

========================================================================
Received Import Request.
  Time since last request: 0.000288 seconds.
  path: Assets/Hero/Run.png
  artifactKey: Guid(1686430db42b7714389d8bad99db7650) Importer(815301076,1909f56bfc062723c751e8b465ee728b)
Start importing Assets/Hero/Run.png using Guid(1686430db42b7714389d8bad99db7650) Importer(815301076,1909f56bfc062723c751e8b465ee728b)  -> (artifact id: '11155b4e92cf4c346e45f7f22276577d') in 0.082084 seconds 
  Import took 0.085321 seconds .

========================================================================
Received Import Request.
  Time since last request: 0.000285 seconds.
  path: Assets/Hero/Pray.png
  artifactKey: Guid(b2bdd4177fbe0814280ddd19ea6711fd) Importer(815301076,1909f56bfc062723c751e8b465ee728b)
Start importing Assets/Hero/Pray.png using Guid(b2bdd4177fbe0814280ddd19ea6711fd) Importer(815301076,1909f56bfc062723c751e8b465ee728b)  -> (artifact id: '3ec16b9e0d019ea8a0f951f69736ea48') in 0.019238 seconds 
  Import took 0.023447 seconds .

========================================================================
Received Import Request.
  Time since last request: 0.000289 seconds.
  path: Assets/Hero/Climb.png
  artifactKey: Guid(5e6749235f2b77a4e93df5ce8c3a0bfb) Importer(815301076,1909f56bfc062723c751e8b465ee728b)
Start importing Assets/Hero/Climb.png using Guid(5e6749235f2b77a4e93df5ce8c3a0bfb) Importer(815301076,1909f56bfc062723c751e8b465ee728b)  -> (artifact id: 'fa3e4a5654636e58895fe3c27eda91b5') in 0.015716 seconds 
  Import took 0.022324 seconds .

========================================================================
Received Import Request.
  Time since last request: 0.000583 seconds.
  path: Assets/Hero/Hanging.png
  artifactKey: Guid(21ca15ccf59b393438074bad00f89abb) Importer(815301076,1909f56bfc062723c751e8b465ee728b)
Start importing Assets/Hero/Hanging.png using Guid(21ca15ccf59b393438074bad00f89abb) Importer(815301076,1909f56bfc062723c751e8b465ee728b)  -> (artifact id: '71ee2a1fc09a58e741bced28a121bdc8') in 0.016697 seconds 
  Import took 0.022664 seconds .

========================================================================
Received Import Request.
  Time since last request: 0.000065 seconds.
  path: Assets/Hero/crouch_idle.png
  artifactKey: Guid(46f7fa97da08ca448b80cbc5c8e0bb55) Importer(815301076,1909f56bfc062723c751e8b465ee728b)
Start importing Assets/Hero/crouch_idle.png using Guid(46f7fa97da08ca448b80cbc5c8e0bb55) Importer(815301076,1909f56bfc062723c751e8b465ee728b)  -> (artifact id: 'e89105fa68e58bb51b9a284e19f7ddc2') in 0.015271 seconds 
  Import took 0.021563 seconds .

========================================================================
Received Import Request.
  Time since last request: 0.000460 seconds.
  path: Assets/Hero/Roll.png
  artifactKey: Guid(838fd8d41f828d44aafce29391339366) Importer(815301076,1909f56bfc062723c751e8b465ee728b)
Start importing Assets/Hero/Roll.png using Guid(838fd8d41f828d44aafce29391339366) Importer(815301076,1909f56bfc062723c751e8b465ee728b)  -> (artifact id: 'fca4434f444d93c3253fa974aba334e2') in 0.019774 seconds 
  Import took 0.026046 seconds .

========================================================================
Received Import Request.
  Time since last request: 0.000443 seconds.
  path: Assets/Hero/crouch_attacks.png
  artifactKey: Guid(042c3d9970910124c85d0576359ffec5) Importer(815301076,1909f56bfc062723c751e8b465ee728b)
Start importing Assets/Hero/crouch_attacks.png using Guid(042c3d9970910124c85d0576359ffec5) Importer(815301076,1909f56bfc062723c751e8b465ee728b)  -> (artifact id: '579a5967ac1bed70cd302a955dabfa55') in 0.017479 seconds 
  Import took 0.024168 seconds .

========================================================================
Received Import Request.
  Time since last request: 0.000209 seconds.
  path: Assets/Hero/Health.png
  artifactKey: Guid(0bb61d97c77c2534196872ed56411c86) Importer(815301076,1909f56bfc062723c751e8b465ee728b)
Start importing Assets/Hero/Health.png using Guid(0bb61d97c77c2534196872ed56411c86) Importer(815301076,1909f56bfc062723c751e8b465ee728b)  -> (artifact id: '99fe4bf0c90d42edd94143fba6f1c86e') in 0.017158 seconds 
  Import took 0.021832 seconds .

========================================================================
Received Import Request.
  Time since last request: 0.000389 seconds.
  path: Assets/Hero/Attacks.png
  artifactKey: Guid(1df44c79114ec3f4ea79168d5d8f2e70) Importer(815301076,1909f56bfc062723c751e8b465ee728b)
Start importing Assets/Hero/Attacks.png using Guid(1df44c79114ec3f4ea79168d5d8f2e70) Importer(815301076,1909f56bfc062723c751e8b465ee728b)  -> (artifact id: '238f1e019b7c4eb01b7c96be6171626f') in 0.112972 seconds 
  Import took 0.117113 seconds .

========================================================================
Received Import Request.
  Time since last request: 0.000350 seconds.
  path: Assets/Hero/Idle.png
  artifactKey: Guid(7b1e155af0906294aa6f6c7301f38017) Importer(815301076,1909f56bfc062723c751e8b465ee728b)
Start importing Assets/Hero/Idle.png using Guid(7b1e155af0906294aa6f6c7301f38017) Importer(815301076,1909f56bfc062723c751e8b465ee728b)  -> (artifact id: '386330ef6058da3d4cc862e701570e1e') in 0.082279 seconds 
  Import took 0.085947 seconds .

========================================================================
Received Import Request.
  Time since last request: 0.000259 seconds.
  path: Assets/Hero/Death.png
  artifactKey: Guid(599d352e4a6c0894390e6cbfa1e9e5e5) Importer(815301076,1909f56bfc062723c751e8b465ee728b)
Start importing Assets/Hero/Death.png using Guid(599d352e4a6c0894390e6cbfa1e9e5e5) Importer(815301076,1909f56bfc062723c751e8b465ee728b)  -> (artifact id: 'ac43315963e7d9f2fca7965453c112d0') in 0.013209 seconds 
  Import took 0.018571 seconds .

========================================================================
Received Import Request.
  Time since last request: 0.000448 seconds.
  path: Assets/Hero/attack_from_air.png
  artifactKey: Guid(c4089a2df2f3c934ba1c88a6d29c000e) Importer(815301076,1909f56bfc062723c751e8b465ee728b)
Start importing Assets/Hero/attack_from_air.png using Guid(c4089a2df2f3c934ba1c88a6d29c000e) Importer(815301076,1909f56bfc062723c751e8b465ee728b)  -> (artifact id: 'aff81fa98c6fde8f4def8c63ddfb28d2') in 0.050757 seconds 
  Import took 0.056161 seconds .

========================================================================
Received Import Request.
  Time since last request: 0.000322 seconds.
  path: Assets/Hero/Jump.png
  artifactKey: Guid(00cb9f4fd1bc6da40bc55fc57bc62952) Importer(815301076,1909f56bfc062723c751e8b465ee728b)
Start importing Assets/Hero/Jump.png using Guid(00cb9f4fd1bc6da40bc55fc57bc62952) Importer(815301076,1909f56bfc062723c751e8b465ee728b)  -> (artifact id: '22f572714960166b462fc5bef9967ce6') in 0.051307 seconds 
  Import took 0.054731 seconds .

========================================================================
Received Import Request.
  Time since last request: 0.000322 seconds.
  path: Assets/Hero/Hurt.png
  artifactKey: Guid(816626008408981429fe98bf0ee6e88b) Importer(815301076,1909f56bfc062723c751e8b465ee728b)
Start importing Assets/Hero/Hurt.png using Guid(816626008408981429fe98bf0ee6e88b) Importer(815301076,1909f56bfc062723c751e8b465ee728b)  -> (artifact id: '369114fe34f3c7203288b320648c8051') in 0.053888 seconds 
  Import took 0.058121 seconds .

========================================================================
Received Import Request.
  Time since last request: 4.898027 seconds.
  path: Assets/LevelDesign/1.prefab
  artifactKey: Guid(1d48498e2a1bc004aa99118b05c0cf9e) Importer(815301076,1909f56bfc062723c751e8b465ee728b)
Start importing Assets/LevelDesign/1.prefab using Guid(1d48498e2a1bc004aa99118b05c0cf9e) Importer(815301076,1909f56bfc062723c751e8b465ee728b)  -> (artifact id: '983056f9cdc761a03df690344c0f7ff5') in 0.081412 seconds 
  Import took 0.085341 seconds .

========================================================================
Received Import Request.
  Time since last request: 0.000296 seconds.
  path: Assets/LevelDesign/anim_lights.png
  artifactKey: Guid(81a37d6c0b810fe4d980a87650f6e096) Importer(815301076,1909f56bfc062723c751e8b465ee728b)
Start importing Assets/LevelDesign/anim_lights.png using Guid(81a37d6c0b810fe4d980a87650f6e096) Importer(815301076,1909f56bfc062723c751e8b465ee728b)  -> (artifact id: '11c3558f427ebf254e6ad46139a9bfcf') in 0.090227 seconds 
  Import took 0.093679 seconds .

========================================================================
Received Import Request.
  Time since last request: 0.000363 seconds.
  path: Assets/LevelDesign/env_objects_far.png
  artifactKey: Guid(875273aca425163488cd8c94501d8cc6) Importer(815301076,1909f56bfc062723c751e8b465ee728b)
Start importing Assets/LevelDesign/env_objects_far.png using Guid(875273aca425163488cd8c94501d8cc6) Importer(815301076,1909f56bfc062723c751e8b465ee728b)  -> (artifact id: '63cbff11a625c49542b7080f29ac8b47') in 0.020017 seconds 
  Import took 0.024784 seconds .

========================================================================
Received Import Request.
  Time since last request: 0.000292 seconds.
  path: Assets/LevelDesign/fence_2.png
  artifactKey: Guid(2313906921de5b644bae4e7e42de0f67) Importer(815301076,1909f56bfc062723c751e8b465ee728b)
Start importing Assets/LevelDesign/fence_2.png using Guid(2313906921de5b644bae4e7e42de0f67) Importer(815301076,1909f56bfc062723c751e8b465ee728b)  -> (artifact id: '087c16af4e14484dcf4ad04b2a0c4730') in 0.015099 seconds 
  Import took 0.021175 seconds .

========================================================================
Received Import Request.
  Time since last request: 0.000296 seconds.
  path: Assets/LevelDesign/SET1_bakcground_day2.png
  artifactKey: Guid(76259d0d71d63944680f3e1484f83ae2) Importer(815301076,1909f56bfc062723c751e8b465ee728b)
Start importing Assets/LevelDesign/SET1_bakcground_day2.png using Guid(76259d0d71d63944680f3e1484f83ae2) Importer(815301076,1909f56bfc062723c751e8b465ee728b)  -> (artifact id: '724061e6ff24db521f94b434dc58c321') in 0.024189 seconds 
  Import took 0.030433 seconds .

========================================================================
Received Import Request.
  Time since last request: 0.000203 seconds.
  path: Assets/LevelDesign/rock_1.png
  artifactKey: Guid(b087548ec9c49bd4a8045395bf3ad5c9) Importer(815301076,1909f56bfc062723c751e8b465ee728b)
Start importing Assets/LevelDesign/rock_1.png using Guid(b087548ec9c49bd4a8045395bf3ad5c9) Importer(815301076,1909f56bfc062723c751e8b465ee728b)  -> (artifact id: '1dbb02569473bc567ae9f904f54b1647') in 0.017066 seconds 
  Import took 0.022510 seconds .

========================================================================
Received Import Request.
  Time since last request: 0.000297 seconds.
  path: Assets/LevelDesign/lamp.png
  artifactKey: Guid(9d56397e13f19a3489d13bd2636ad1c0) Importer(815301076,1909f56bfc062723c751e8b465ee728b)
Start importing Assets/LevelDesign/lamp.png using Guid(9d56397e13f19a3489d13bd2636ad1c0) Importer(815301076,1909f56bfc062723c751e8b465ee728b)  -> (artifact id: 'c9ae870759a94dabeea4586962539937') in 0.024571 seconds 
  Import took 0.031234 seconds .

========================================================================
Received Import Request.
  Time since last request: 0.000305 seconds.
  path: Assets/LevelDesign/rock_2.png
  artifactKey: Guid(961ee915236021c4eb5739005ac30fb6) Importer(815301076,1909f56bfc062723c751e8b465ee728b)
Start importing Assets/LevelDesign/rock_2.png using Guid(961ee915236021c4eb5739005ac30fb6) Importer(815301076,1909f56bfc062723c751e8b465ee728b)  -> (artifact id: 'dfa7635a4a0f40fa507a24b6ceef75b3') in 0.020460 seconds 
  Import took 0.027062 seconds .

========================================================================
Received Import Request.
  Time since last request: 0.000205 seconds.
  path: Assets/LevelDesign/anim_light2.png
  artifactKey: Guid(c2f46f657f68c274c97d63f183c91bee) Importer(815301076,1909f56bfc062723c751e8b465ee728b)
Start importing Assets/LevelDesign/anim_light2.png using Guid(c2f46f657f68c274c97d63f183c91bee) Importer(815301076,1909f56bfc062723c751e8b465ee728b)  -> (artifact id: '0f06b093420f4da2b7fa56965ccfebd1') in 0.036815 seconds 
  Import took 0.041860 seconds .

========================================================================
Received Import Request.
  Time since last request: 0.000397 seconds.
  path: Assets/LevelDesign/env_objects.png
  artifactKey: Guid(2bf7b5199ab4d604bbc17ecbd8679d0e) Importer(815301076,1909f56bfc062723c751e8b465ee728b)
Start importing Assets/LevelDesign/env_objects.png using Guid(2bf7b5199ab4d604bbc17ecbd8679d0e) Importer(815301076,1909f56bfc062723c751e8b465ee728b)  -> (artifact id: '1eb490562f0457c8db565dd435aa1935') in 0.218460 seconds 
  Import took 0.224555 seconds .

========================================================================
Received Import Request.
  Time since last request: 0.000334 seconds.
  path: Assets/LevelDesign/environment.png
  artifactKey: Guid(047042473badae44a9e245204b891adb) Importer(815301076,1909f56bfc062723c751e8b465ee728b)
Start importing Assets/LevelDesign/environment.png using Guid(047042473badae44a9e245204b891adb) Importer(815301076,1909f56bfc062723c751e8b465ee728b)  -> (artifact id: 'b6984ccafbc067bc2c5aa65e1b4b0247') in 0.295404 seconds 
  Import took 0.299041 seconds .

========================================================================
Received Import Request.
  Time since last request: 0.000344 seconds.
  path: Assets/LevelDesign/TX Village Props.png
  artifactKey: Guid(3dfa332127e384243997e9bd04bbb694) Importer(815301076,1909f56bfc062723c751e8b465ee728b)
Start importing Assets/LevelDesign/TX Village Props.png using Guid(3dfa332127e384243997e9bd04bbb694) Importer(815301076,1909f56bfc062723c751e8b465ee728b)  -> (artifact id: '9817cad5a4be173fcca3a30aa205a0e0') in 0.625499 seconds 
  Import took 0.629503 seconds .

========================================================================
Received Import Request.
  Time since last request: 0.000340 seconds.
  path: Assets/LevelDesign/background_layer_1.png
  artifactKey: Guid(987c671fe4e1fee47ba48637d266a266) Importer(815301076,1909f56bfc062723c751e8b465ee728b)
Start importing Assets/LevelDesign/background_layer_1.png using Guid(987c671fe4e1fee47ba48637d266a266) Importer(815301076,1909f56bfc062723c751e8b465ee728b)  -> (artifact id: 'ca83c764a061ca9d5291ee1fd7d1289d') in 0.014833 seconds 
  Import took 0.018916 seconds .

========================================================================
Received Import Request.
  Time since last request: 0.000366 seconds.
  path: Assets/LevelDesign/ground.png
  artifactKey: Guid(65989d11d799c204d9e17942fa23c82a) Importer(815301076,1909f56bfc062723c751e8b465ee728b)
Start importing Assets/LevelDesign/ground.png using Guid(65989d11d799c204d9e17942fa23c82a) Importer(815301076,1909f56bfc062723c751e8b465ee728b)  -> (artifact id: 'd9cbb26744f97750edb321ab676c4a1c') in 0.107793 seconds 
  Import took 0.112811 seconds .

========================================================================
Received Import Request.
  Time since last request: 0.000341 seconds.
  path: Assets/LevelDesign/SET1_bakcground_day1.png
  artifactKey: Guid(e9523176bc87ae74590aa79ffd6d90a7) Importer(815301076,1909f56bfc062723c751e8b465ee728b)
Start importing Assets/LevelDesign/SET1_bakcground_day1.png using Guid(e9523176bc87ae74590aa79ffd6d90a7) Importer(815301076,1909f56bfc062723c751e8b465ee728b)  -> (artifact id: 'a1ef84364f96ec39caefbc5dbd2dcbbc') in 0.052509 seconds 
  Import took 0.056734 seconds .

========================================================================
Received Import Request.
  Time since last request: 0.000363 seconds.
  path: Assets/LevelDesign/grass_3.png
  artifactKey: Guid(487360c2c8d98c548b9c7e586657bbb4) Importer(815301076,1909f56bfc062723c751e8b465ee728b)
Start importing Assets/LevelDesign/grass_3.png using Guid(487360c2c8d98c548b9c7e586657bbb4) Importer(815301076,1909f56bfc062723c751e8b465ee728b)  -> (artifact id: '8af53c2bd1b24eb3e023ccfdd6e87ff8') in 0.014916 seconds 
  Import took 0.019411 seconds .

========================================================================
Received Import Request.
  Time since last request: 0.000271 seconds.
  path: Assets/LevelDesign/rock_3.png
  artifactKey: Guid(4b9ce03a22b40e849b32635c69078d39) Importer(815301076,1909f56bfc062723c751e8b465ee728b)
Start importing Assets/LevelDesign/rock_3.png using Guid(4b9ce03a22b40e849b32635c69078d39) Importer(815301076,1909f56bfc062723c751e8b465ee728b)  -> (artifact id: '9e4380cc30182f6e5cb79aa002f23193') in 0.015316 seconds 
  Import took 0.021445 seconds .

========================================================================
Received Import Request.
  Time since last request: 0.000260 seconds.
  path: Assets/LevelDesign/SET1_bakcground_night1.png
  artifactKey: Guid(46d513c543585094f89ab8db36ac3b63) Importer(815301076,1909f56bfc062723c751e8b465ee728b)
Start importing Assets/LevelDesign/SET1_bakcground_night1.png using Guid(46d513c543585094f89ab8db36ac3b63) Importer(815301076,1909f56bfc062723c751e8b465ee728b)  -> (artifact id: '2230cc90821a4215172d225acfaeb9cf') in 0.019643 seconds 
  Import took 0.024887 seconds .

========================================================================
Received Import Request.
  Time since last request: 0.000315 seconds.
  path: Assets/LevelDesign/sign.png
  artifactKey: Guid(efa3a4b69f3764b45aae704d233d85d2) Importer(815301076,1909f56bfc062723c751e8b465ee728b)
Start importing Assets/LevelDesign/sign.png using Guid(efa3a4b69f3764b45aae704d233d85d2) Importer(815301076,1909f56bfc062723c751e8b465ee728b)  -> (artifact id: '2c39348cc6629030161288f718ae5fee') in 0.018082 seconds 
  Import took 0.023599 seconds .

========================================================================
Received Import Request.
  Time since last request: 0.000245 seconds.
  path: Assets/LevelDesign/background.png
  artifactKey: Guid(8f1b8155395f7e346a291be3e93a1892) Importer(815301076,1909f56bfc062723c751e8b465ee728b)
Start importing Assets/LevelDesign/background.png using Guid(8f1b8155395f7e346a291be3e93a1892) Importer(815301076,1909f56bfc062723c751e8b465ee728b)  -> (artifact id: '32c7b6635db990e681289ac5444cb2eb') in 0.021605 seconds 
  Import took 0.027590 seconds .

========================================================================
Received Import Request.
  Time since last request: 0.000231 seconds.
  path: Assets/LevelDesign/shop_anim.png
  artifactKey: Guid(6bf0ed4d138d8b841ae6a8c288e2e2fc) Importer(815301076,1909f56bfc062723c751e8b465ee728b)
Start importing Assets/LevelDesign/shop_anim.png using Guid(6bf0ed4d138d8b841ae6a8c288e2e2fc) Importer(815301076,1909f56bfc062723c751e8b465ee728b)  -> (artifact id: '1ab6b884b6204e9e829a85e410c8d0ce') in 0.021039 seconds 
  Import took 0.026110 seconds .

========================================================================
Received Import Request.
  Time since last request: 0.000400 seconds.
  path: Assets/LevelDesign/anim_light1.png
  artifactKey: Guid(9f47963aa8926dd40ac30ea65f0ff199) Importer(815301076,1909f56bfc062723c751e8b465ee728b)
Start importing Assets/LevelDesign/anim_light1.png using Guid(9f47963aa8926dd40ac30ea65f0ff199) Importer(815301076,1909f56bfc062723c751e8b465ee728b)  -> (artifact id: '8c25ff79046269fa83af585f0f229f2c') in 0.049882 seconds 
  Import took 0.055282 seconds .

========================================================================
Received Import Request.
  Time since last request: 0.000336 seconds.
  path: Assets/LevelDesign/oak_woods_tileset.png
  artifactKey: Guid(5ba5101b065f1c846abafe5996be6ec8) Importer(815301076,1909f56bfc062723c751e8b465ee728b)
Start importing Assets/LevelDesign/oak_woods_tileset.png using Guid(5ba5101b065f1c846abafe5996be6ec8) Importer(815301076,1909f56bfc062723c751e8b465ee728b)  -> (artifact id: '3b9377efbc1a97dd43de3e3a55dd938f') in 0.517138 seconds 
  Import took 0.520952 seconds .

========================================================================
Received Import Request.
  Time since last request: 0.000283 seconds.
  path: Assets/LevelDesign/grass_2.png
  artifactKey: Guid(fb71291045dac7948a3c8b542b5f17d3) Importer(815301076,1909f56bfc062723c751e8b465ee728b)
Start importing Assets/LevelDesign/grass_2.png using Guid(fb71291045dac7948a3c8b542b5f17d3) Importer(815301076,1909f56bfc062723c751e8b465ee728b)  -> (artifact id: 'b05269fff3600d3c47204524d1f0a832') in 0.054220 seconds 
  Import took 0.059334 seconds .

========================================================================
Received Import Request.
  Time since last request: 0.000391 seconds.
  path: Assets/LevelDesign/SET1_bakcground_night3.png
  artifactKey: Guid(d3566bdc11d4cf1468832d436b0fee63) Importer(815301076,1909f56bfc062723c751e8b465ee728b)
Start importing Assets/LevelDesign/SET1_bakcground_night3.png using Guid(d3566bdc11d4cf1468832d436b0fee63) Importer(815301076,1909f56bfc062723c751e8b465ee728b)  -> (artifact id: '86184b0b61abea7f75755313cbffd93a') in 0.028149 seconds 
  Import took 0.034476 seconds .

========================================================================
Received Import Request.
  Time since last request: 0.000275 seconds.
  path: Assets/LevelDesign/shop.png
  artifactKey: Guid(b45ac5e8aec35b94ab52ca90390b90b4) Importer(815301076,1909f56bfc062723c751e8b465ee728b)
Start importing Assets/LevelDesign/shop.png using Guid(b45ac5e8aec35b94ab52ca90390b90b4) Importer(815301076,1909f56bfc062723c751e8b465ee728b)  -> (artifact id: '5144ac7d75a8fb1646126df4f5bb03cf') in 0.015141 seconds 
  Import took 0.019908 seconds .

========================================================================
Received Import Request.
  Time since last request: 0.000400 seconds.
  path: Assets/LevelDesign/TX Village Props_191.asset
  artifactKey: Guid(b7c27cb6564bac144a147ad1c4053ba8) Importer(815301076,1909f56bfc062723c751e8b465ee728b)
Start importing Assets/LevelDesign/TX Village Props_191.asset using Guid(b7c27cb6564bac144a147ad1c4053ba8) Importer(815301076,1909f56bfc062723c751e8b465ee728b)  -> (artifact id: '64e73425f853914a64a3fc3865575893') in 0.034837 seconds 
  Import took 0.040839 seconds .

========================================================================
Received Import Request.
  Time since last request: 0.000270 seconds.
  path: Assets/LevelDesign/terrain.png
  artifactKey: Guid(714f327e31f882948afbdf8235825d54) Importer(815301076,1909f56bfc062723c751e8b465ee728b)
Start importing Assets/LevelDesign/terrain.png using Guid(714f327e31f882948afbdf8235825d54) Importer(815301076,1909f56bfc062723c751e8b465ee728b)  -> (artifact id: 'bf17b56c197f423f884ab29ff4b559a1') in 0.039224 seconds 
  Import took 0.044769 seconds .

========================================================================
Received Import Request.
  Time since last request: 0.000244 seconds.
  path: Assets/LevelDesign/TX Tileset Ground.png
  artifactKey: Guid(3e71085f6342ecc4e9874c628e3dfbf0) Importer(815301076,1909f56bfc062723c751e8b465ee728b)
Start importing Assets/LevelDesign/TX Tileset Ground.png using Guid(3e71085f6342ecc4e9874c628e3dfbf0) Importer(815301076,1909f56bfc062723c751e8b465ee728b)  -> (artifact id: 'c97dff2ab5a27daded8595e1d6979704') in 0.026954 seconds 
  Import took 0.033056 seconds .

========================================================================
Received Import Request.
  Time since last request: 0.000534 seconds.
  path: Assets/LevelDesign/wood_env.png
  artifactKey: Guid(744cd726b48e5554790b372b69d5a796) Importer(815301076,1909f56bfc062723c751e8b465ee728b)
Start importing Assets/LevelDesign/wood_env.png using Guid(744cd726b48e5554790b372b69d5a796) Importer(815301076,1909f56bfc062723c751e8b465ee728b)  -> (artifact id: '5f9b12a72966446ffe6f158d837fbf49') in 0.021382 seconds 
  Import took 0.027528 seconds .

========================================================================
Received Import Request.
  Time since last request: 0.000414 seconds.
  path: Assets/LevelDesign/background_layer_2.png
  artifactKey: Guid(8e7cd312e26c39842accc5e67f0ff42d) Importer(815301076,1909f56bfc062723c751e8b465ee728b)
Start importing Assets/LevelDesign/background_layer_2.png using Guid(8e7cd312e26c39842accc5e67f0ff42d) Importer(815301076,1909f56bfc062723c751e8b465ee728b)  -> (artifact id: 'ed2c6921eecd2e84d62ef72569b55753') in 0.015458 seconds 
  Import took 0.022297 seconds .

========================================================================
Received Import Request.
  Time since last request: 0.000226 seconds.
  path: Assets/LevelDesign/background_layer_3.png
  artifactKey: Guid(f43d82c8adbc89a4bb187d44e082c1ca) Importer(815301076,1909f56bfc062723c751e8b465ee728b)
Start importing Assets/LevelDesign/background_layer_3.png using Guid(f43d82c8adbc89a4bb187d44e082c1ca) Importer(815301076,1909f56bfc062723c751e8b465ee728b)  -> (artifact id: '8daeae6dd8992f0763c895f63d9b38be') in 0.020464 seconds 
  Import took 0.025979 seconds .

========================================================================
Received Import Request.
  Time since last request: 0.000217 seconds.
  path: Assets/LevelDesign/walls_far.png
  artifactKey: Guid(5470dea2f1412784ab6812fb65158edd) Importer(815301076,1909f56bfc062723c751e8b465ee728b)
Start importing Assets/LevelDesign/walls_far.png using Guid(5470dea2f1412784ab6812fb65158edd) Importer(815301076,1909f56bfc062723c751e8b465ee728b)  -> (artifact id: 'c6c71c47d51a583c1c2f06c354509ea4') in 0.019776 seconds 
  Import took 0.025520 seconds .

========================================================================
Received Import Request.
  Time since last request: 0.000237 seconds.
  path: Assets/LevelDesign/grass_1.asset
  artifactKey: Guid(cf6fa6f4c1d13d842868243df94f3df3) Importer(815301076,1909f56bfc062723c751e8b465ee728b)
Start importing Assets/LevelDesign/grass_1.asset using Guid(cf6fa6f4c1d13d842868243df94f3df3) Importer(815301076,1909f56bfc062723c751e8b465ee728b)  -> (artifact id: '55c50d7c29a83334c9218d562bc81774') in 0.014957 seconds 
  Import took 0.019188 seconds .

========================================================================
Received Import Request.
  Time since last request: 0.000295 seconds.
  path: Assets/LevelDesign/SET1_background_obj.png
  artifactKey: Guid(0f399341f3ecf6c44992cc21764f85be) Importer(815301076,1909f56bfc062723c751e8b465ee728b)
Start importing Assets/LevelDesign/SET1_background_obj.png using Guid(0f399341f3ecf6c44992cc21764f85be) Importer(815301076,1909f56bfc062723c751e8b465ee728b)  -> (artifact id: '9709cb63d231c6e04291a376b71b85e5') in 0.028624 seconds 
  Import took 0.034089 seconds .

========================================================================
Received Import Request.
  Time since last request: 0.000276 seconds.
  path: Assets/LevelDesign/walls_side_top.png
  artifactKey: Guid(08df676ddb9ac284b807147177973b6b) Importer(815301076,1909f56bfc062723c751e8b465ee728b)
Start importing Assets/LevelDesign/walls_side_top.png using Guid(08df676ddb9ac284b807147177973b6b) Importer(815301076,1909f56bfc062723c751e8b465ee728b)  -> (artifact id: 'ea6730b0c98f04d7fb531313cfe11db0') in 0.188087 seconds 
  Import took 0.196733 seconds .

========================================================================
Received Import Request.
  Time since last request: 0.000760 seconds.
  path: Assets/LevelDesign/SET1_decorative_obj.png
  artifactKey: Guid(f914f0876094b564da4314eb278894d6) Importer(815301076,1909f56bfc062723c751e8b465ee728b)
Start importing Assets/LevelDesign/SET1_decorative_obj.png using Guid(f914f0876094b564da4314eb278894d6) Importer(815301076,1909f56bfc062723c751e8b465ee728b)  -> (artifact id: 'ff084cd0d4ca3c3ae4258af3a6b9f8fb') in 0.057362 seconds 
  Import took 0.067183 seconds .

========================================================================
Received Import Request.
  Time since last request: 0.000354 seconds.
  path: Assets/LevelDesign/fence_1.png
  artifactKey: Guid(72645dcfb59577c4eb453cc7b18730f6) Importer(815301076,1909f56bfc062723c751e8b465ee728b)
Start importing Assets/LevelDesign/fence_1.png using Guid(72645dcfb59577c4eb453cc7b18730f6) Importer(815301076,1909f56bfc062723c751e8b465ee728b)  -> (artifact id: '955abb1ff0e14577059742c10e130996') in 0.020639 seconds 
  Import took 0.025438 seconds .

========================================================================
Received Import Request.
  Time since last request: 0.000315 seconds.
  path: Assets/LevelDesign/anim_light3.png
  artifactKey: Guid(fe8957937ca12534dac8b60129f3ad29) Importer(815301076,1909f56bfc062723c751e8b465ee728b)
Start importing Assets/LevelDesign/anim_light3.png using Guid(fe8957937ca12534dac8b60129f3ad29) Importer(815301076,1909f56bfc062723c751e8b465ee728b)  -> (artifact id: 'dbd738360c5f52cd78371f11e5b6687a') in 0.041837 seconds 
  Import took 0.046322 seconds .

========================================================================
Received Import Request.
  Time since last request: 0.000224 seconds.
  path: Assets/LevelDesign/grass_1.png
  artifactKey: Guid(0d7682751ce54384b9486dbc9f043cc7) Importer(815301076,1909f56bfc062723c751e8b465ee728b)
Start importing Assets/LevelDesign/grass_1.png using Guid(0d7682751ce54384b9486dbc9f043cc7) Importer(815301076,1909f56bfc062723c751e8b465ee728b)  -> (artifact id: '10a065d71e18f51a211fb556adcf8c8b') in 0.017068 seconds 
  Import took 0.023483 seconds .

========================================================================
Received Import Request.
  Time since last request: 0.000404 seconds.
  path: Assets/LevelDesign/New Palette.prefab
  artifactKey: Guid(e3a1c05196f46654c822eec23d8d1a2e) Importer(815301076,1909f56bfc062723c751e8b465ee728b)
Start importing Assets/LevelDesign/New Palette.prefab using Guid(e3a1c05196f46654c822eec23d8d1a2e) Importer(815301076,1909f56bfc062723c751e8b465ee728b)  -> (artifact id: '332ed551a55eb06133367a49d3478fd4') in 0.088967 seconds 
  Import took 0.101495 seconds .

========================================================================
Received Import Request.
  Time since last request: 0.000713 seconds.
  path: Assets/LevelDesign/walls.png
  artifactKey: Guid(2e57253bc4d2b004db3d81fd53788614) Importer(815301076,1909f56bfc062723c751e8b465ee728b)
Start importing Assets/LevelDesign/walls.png using Guid(2e57253bc4d2b004db3d81fd53788614) Importer(815301076,1909f56bfc062723c751e8b465ee728b)  -> (artifact id: '108cad48c32aaa82fb545d350946c94e') in 0.128869 seconds 
  Import took 0.136224 seconds .

========================================================================
Received Import Request.
  Time since last request: 0.000234 seconds.
  path: Assets/LevelDesign/SET1_bakcground_day3.png
  artifactKey: Guid(743417556c49bd148a03e625c1acc5c9) Importer(815301076,1909f56bfc062723c751e8b465ee728b)
Start importing Assets/LevelDesign/SET1_bakcground_day3.png using Guid(743417556c49bd148a03e625c1acc5c9) Importer(815301076,1909f56bfc062723c751e8b465ee728b)  -> (artifact id: 'c9a8f8c5919ca3cbd1c0f4e6a60454a6') in 0.050204 seconds 
  Import took 0.053622 seconds .

========================================================================
Received Import Request.
  Time since last request: 0.000261 seconds.
  path: Assets/LevelDesign/walls_side_top_far.png
  artifactKey: Guid(2efe1cc0dbbfb5e4193e4a342ec2adb3) Importer(815301076,1909f56bfc062723c751e8b465ee728b)
Start importing Assets/LevelDesign/walls_side_top_far.png using Guid(2efe1cc0dbbfb5e4193e4a342ec2adb3) Importer(815301076,1909f56bfc062723c751e8b465ee728b)  -> (artifact id: '47812ac47e879b42ce061eb0af093fc4') in 0.017957 seconds 
  Import took 0.022765 seconds .

========================================================================
Received Import Request.
  Time since last request: 0.000238 seconds.
  path: Assets/LevelDesign/SET1_bakcground_night2.png
  artifactKey: Guid(83da7cc3326ecf34bbc6984e64783436) Importer(815301076,1909f56bfc062723c751e8b465ee728b)
Start importing Assets/LevelDesign/SET1_bakcground_night2.png using Guid(83da7cc3326ecf34bbc6984e64783436) Importer(815301076,1909f56bfc062723c751e8b465ee728b)  -> (artifact id: '0425a5e0dbef8df6b232cb1df85a6612') in 0.022225 seconds 
  Import took 0.027016 seconds .

========================================================================
Received Import Request.
  Time since last request: 0.000340 seconds.
  path: Assets/LevelDesign/TX Chest Animation.png
  artifactKey: Guid(eb1ebe42009650b4baa03dcc15982a41) Importer(815301076,1909f56bfc062723c751e8b465ee728b)
Start importing Assets/LevelDesign/TX Chest Animation.png using Guid(eb1ebe42009650b4baa03dcc15982a41) Importer(815301076,1909f56bfc062723c751e8b465ee728b)  -> (artifact id: '66e77d686013ecdcd2a50113d3ecb583') in 0.023915 seconds 
  Import took 0.029360 seconds .

========================================================================
Received Prepare
Registering precompiled user dll's ...
Registered in 0.004313 seconds.
Begin MonoManager ReloadAssembly
Native extension for WindowsStandalone target not found
Refreshing native plugins compatible for Editor in 0.58 ms, found 3 plugins.
Preloading 0 native plugins for Editor in 0.00 ms.
Mono: successfully reloaded assembly
- Completed reload, in  1.178 seconds
Domain Reload Profiling:
	ReloadAssembly (1179ms)
		BeginReloadAssembly (114ms)
			ExecutionOrderSort (0ms)
			DisableScriptedObjects (6ms)
			BackupInstance (0ms)
			ReleaseScriptingObjects (0ms)
			CreateAndSetChildDomain (38ms)
		EndReloadAssembly (998ms)
			LoadAssemblies (91ms)
			RebuildTransferFunctionScriptingTraits (0ms)
			SetupTypeCache (349ms)
			ReleaseScriptCaches (1ms)
			RebuildScriptCaches (70ms)
			SetupLoadedEditorAssemblies (335ms)
				LogAssemblyErrors (0ms)
				InitializePlatformSupportModulesInManaged (4ms)
				SetLoadedEditorAssemblies (0ms)
				RefreshPlugins (1ms)
				BeforeProcessingInitializeOnLoad (73ms)
				ProcessInitializeOnLoadAttributes (244ms)
				ProcessInitializeOnLoadMethodAttributes (11ms)
				AfterProcessingInitializeOnLoad (2ms)
				EditorAssembliesLoaded (0ms)
			ExecutionOrderSort2 (0ms)
			AwakeInstancesAfterBackupRestoration (9ms)
Platform modules already initialized, skipping
Refreshing native plugins compatible for Editor in 0.58 ms, found 3 plugins.
Preloading 0 native plugins for Editor in 0.00 ms.
Unloading 2336 Unused Serialized files (Serialized files now loaded: 0)
System memory in use before: 104.9 MB.
System memory in use after: 105.1 MB.

Unloading 18 unused Assets to reduce memory usage. Loaded Objects now: 3470.
Total: 3.212400 ms (FindLiveObjects: 0.294600 ms CreateObjectMapping: 0.139800 ms MarkObjects: 2.754700 ms  DeleteObjects: 0.022100 ms)

AssetImportParameters requested are different than current active one (requested -> active):
  custom:framework-win-MediaFoundation: 216162199b28c13a410421893ffa2e32 -> 
  custom:video-decoder-ogg-theora: a1e56fd34408186e4bbccfd4996cb3dc -> 
  custom:container-muxer-webm: aa71ff27fc2769a1b78a27578f13a17b -> 
  custom:container-demuxer-webm: 4f35f7cbe854078d1ac9338744f61a02 -> 
  custom:container-demuxer-ogg: 62fdf1f143b41e24485cea50d1cbac27 -> 
  custom:video-encoder-webm-vp8: eb34c28f22e8b96e1ab97ce403110664 -> 
  custom:video-codec-MediaFoundation-h265: 746d11721c4dcdbdad8f713fa42b33f4 -> 
  custom:video-decoder-webm-vp8: 9c59270c3fd7afecdb556c50c9e8de78 -> 
  custom:audio-decoder-ogg-vorbis: bf7c407c2cedff20999df2af8eb42d56 -> 
  custom:audio-encoder-webm-vorbis: bf7c407c2cedff20999df2af8eb42d56 -> 
========================================================================
Received Prepare
Registering precompiled user dll's ...
Registered in 0.004722 seconds.
Begin MonoManager ReloadAssembly
Native extension for WindowsStandalone target not found
Refreshing native plugins compatible for Editor in 1.00 ms, found 3 plugins.
Preloading 0 native plugins for Editor in 0.00 ms.
Mono: successfully reloaded assembly
- Completed reload, in  1.136 seconds
Domain Reload Profiling:
	ReloadAssembly (1136ms)
		BeginReloadAssembly (118ms)
			ExecutionOrderSort (0ms)
			DisableScriptedObjects (6ms)
			BackupInstance (0ms)
			ReleaseScriptingObjects (0ms)
			CreateAndSetChildDomain (38ms)
		EndReloadAssembly (958ms)
			LoadAssemblies (88ms)
			RebuildTransferFunctionScriptingTraits (0ms)
			SetupTypeCache (343ms)
			ReleaseScriptCaches (1ms)
			RebuildScriptCaches (67ms)
			SetupLoadedEditorAssemblies (328ms)
				LogAssemblyErrors (0ms)
				InitializePlatformSupportModulesInManaged (12ms)
				SetLoadedEditorAssemblies (1ms)
				RefreshPlugins (1ms)
				BeforeProcessingInitializeOnLoad (68ms)
				ProcessInitializeOnLoadAttributes (233ms)
				ProcessInitializeOnLoadMethodAttributes (12ms)
				AfterProcessingInitializeOnLoad (2ms)
				EditorAssembliesLoaded (0ms)
			ExecutionOrderSort2 (0ms)
			AwakeInstancesAfterBackupRestoration (9ms)
Platform modules already initialized, skipping
Refreshing native plugins compatible for Editor in 0.64 ms, found 3 plugins.
Preloading 0 native plugins for Editor in 0.00 ms.
Unloading 2336 Unused Serialized files (Serialized files now loaded: 0)
System memory in use before: 105.0 MB.
System memory in use after: 105.2 MB.

Unloading 18 unused Assets to reduce memory usage. Loaded Objects now: 3472.
Total: 3.265200 ms (FindLiveObjects: 0.261300 ms CreateObjectMapping: 0.110400 ms MarkObjects: 2.871400 ms  DeleteObjects: 0.020700 ms)

AssetImportParameters requested are different than current active one (requested -> active):
  custom:framework-win-MediaFoundation: 216162199b28c13a410421893ffa2e32 -> 
  custom:video-decoder-ogg-theora: a1e56fd34408186e4bbccfd4996cb3dc -> 
  custom:container-muxer-webm: aa71ff27fc2769a1b78a27578f13a17b -> 
  custom:container-demuxer-webm: 4f35f7cbe854078d1ac9338744f61a02 -> 
  custom:container-demuxer-ogg: 62fdf1f143b41e24485cea50d1cbac27 -> 
  custom:video-encoder-webm-vp8: eb34c28f22e8b96e1ab97ce403110664 -> 
  custom:video-codec-MediaFoundation-h265: 746d11721c4dcdbdad8f713fa42b33f4 -> 
  custom:video-decoder-webm-vp8: 9c59270c3fd7afecdb556c50c9e8de78 -> 
  custom:audio-decoder-ogg-vorbis: bf7c407c2cedff20999df2af8eb42d56 -> 
  custom:audio-encoder-webm-vorbis: bf7c407c2cedff20999df2af8eb42d56 -> 
========================================================================
Received Prepare
Registering precompiled user dll's ...
Registered in 0.004810 seconds.
Begin MonoManager ReloadAssembly
Native extension for WindowsStandalone target not found
Refreshing native plugins compatible for Editor in 0.89 ms, found 3 plugins.
Preloading 0 native plugins for Editor in 0.00 ms.
Mono: successfully reloaded assembly
- Completed reload, in  1.181 seconds
Domain Reload Profiling:
	ReloadAssembly (1181ms)
		BeginReloadAssembly (120ms)
			ExecutionOrderSort (0ms)
			DisableScriptedObjects (7ms)
			BackupInstance (0ms)
			ReleaseScriptingObjects (0ms)
			CreateAndSetChildDomain (34ms)
		EndReloadAssembly (992ms)
			LoadAssemblies (99ms)
			RebuildTransferFunctionScriptingTraits (0ms)
			SetupTypeCache (343ms)
			ReleaseScriptCaches (1ms)
			RebuildScriptCaches (57ms)
			SetupLoadedEditorAssemblies (341ms)
				LogAssemblyErrors (0ms)
				InitializePlatformSupportModulesInManaged (7ms)
				SetLoadedEditorAssemblies (1ms)
				RefreshPlugins (1ms)
				BeforeProcessingInitializeOnLoad (68ms)
				ProcessInitializeOnLoadAttributes (250ms)
				ProcessInitializeOnLoadMethodAttributes (13ms)
				AfterProcessingInitializeOnLoad (2ms)
				EditorAssembliesLoaded (0ms)
			ExecutionOrderSort2 (0ms)
			AwakeInstancesAfterBackupRestoration (9ms)
Platform modules already initialized, skipping
Refreshing native plugins compatible for Editor in 0.59 ms, found 3 plugins.
Preloading 0 native plugins for Editor in 0.00 ms.
Unloading 2336 Unused Serialized files (Serialized files now loaded: 0)
System memory in use before: 105.0 MB.
System memory in use after: 105.2 MB.

Unloading 18 unused Assets to reduce memory usage. Loaded Objects now: 3474.
Total: 3.221100 ms (FindLiveObjects: 0.274800 ms CreateObjectMapping: 0.116800 ms MarkObjects: 2.807900 ms  DeleteObjects: 0.020500 ms)

AssetImportParameters requested are different than current active one (requested -> active):
  custom:framework-win-MediaFoundation: 216162199b28c13a410421893ffa2e32 -> 
  custom:video-decoder-ogg-theora: a1e56fd34408186e4bbccfd4996cb3dc -> 
  custom:container-muxer-webm: aa71ff27fc2769a1b78a27578f13a17b -> 
  custom:container-demuxer-webm: 4f35f7cbe854078d1ac9338744f61a02 -> 
  custom:container-demuxer-ogg: 62fdf1f143b41e24485cea50d1cbac27 -> 
  custom:video-encoder-webm-vp8: eb34c28f22e8b96e1ab97ce403110664 -> 
  custom:video-codec-MediaFoundation-h265: 746d11721c4dcdbdad8f713fa42b33f4 -> 
  custom:video-decoder-webm-vp8: 9c59270c3fd7afecdb556c50c9e8de78 -> 
  custom:audio-decoder-ogg-vorbis: bf7c407c2cedff20999df2af8eb42d56 -> 
  custom:audio-encoder-webm-vorbis: bf7c407c2cedff20999df2af8eb42d56 -> 
========================================================================
Received Prepare
Registering precompiled user dll's ...
Registered in 0.004243 seconds.
Begin MonoManager ReloadAssembly
Native extension for WindowsStandalone target not found
Refreshing native plugins compatible for Editor in 1.17 ms, found 3 plugins.
Preloading 0 native plugins for Editor in 0.00 ms.
Mono: successfully reloaded assembly
- Completed reload, in  1.173 seconds
Domain Reload Profiling:
	ReloadAssembly (1173ms)
		BeginReloadAssembly (112ms)
			ExecutionOrderSort (0ms)
			DisableScriptedObjects (9ms)
			BackupInstance (0ms)
			ReleaseScriptingObjects (0ms)
			CreateAndSetChildDomain (32ms)
		EndReloadAssembly (998ms)
			LoadAssemblies (98ms)
			RebuildTransferFunctionScriptingTraits (0ms)
			SetupTypeCache (351ms)
			ReleaseScriptCaches (1ms)
			RebuildScriptCaches (54ms)
			SetupLoadedEditorAssemblies (349ms)
				LogAssemblyErrors (0ms)
				InitializePlatformSupportModulesInManaged (9ms)
				SetLoadedEditorAssemblies (1ms)
				RefreshPlugins (1ms)
				BeforeProcessingInitializeOnLoad (85ms)
				ProcessInitializeOnLoadAttributes (240ms)
				ProcessInitializeOnLoadMethodAttributes (11ms)
				AfterProcessingInitializeOnLoad (2ms)
				EditorAssembliesLoaded (0ms)
			ExecutionOrderSort2 (0ms)
			AwakeInstancesAfterBackupRestoration (10ms)
Platform modules already initialized, skipping
Refreshing native plugins compatible for Editor in 0.58 ms, found 3 plugins.
Preloading 0 native plugins for Editor in 0.00 ms.
Unloading 2336 Unused Serialized files (Serialized files now loaded: 0)
System memory in use before: 105.0 MB.
System memory in use after: 105.2 MB.

Unloading 18 unused Assets to reduce memory usage. Loaded Objects now: 3476.
Total: 4.601300 ms (FindLiveObjects: 0.271400 ms CreateObjectMapping: 0.128400 ms MarkObjects: 4.178600 ms  DeleteObjects: 0.021400 ms)

AssetImportParameters requested are different than current active one (requested -> active):
  custom:framework-win-MediaFoundation: 216162199b28c13a410421893ffa2e32 -> 
  custom:video-decoder-ogg-theora: a1e56fd34408186e4bbccfd4996cb3dc -> 
  custom:container-muxer-webm: aa71ff27fc2769a1b78a27578f13a17b -> 
  custom:container-demuxer-webm: 4f35f7cbe854078d1ac9338744f61a02 -> 
  custom:container-demuxer-ogg: 62fdf1f143b41e24485cea50d1cbac27 -> 
  custom:video-encoder-webm-vp8: eb34c28f22e8b96e1ab97ce403110664 -> 
  custom:video-codec-MediaFoundation-h265: 746d11721c4dcdbdad8f713fa42b33f4 -> 
  custom:video-decoder-webm-vp8: 9c59270c3fd7afecdb556c50c9e8de78 -> 
  custom:audio-decoder-ogg-vorbis: bf7c407c2cedff20999df2af8eb42d56 -> 
  custom:audio-encoder-webm-vorbis: bf7c407c2cedff20999df2af8eb42d56 -> 
========================================================================
Received Prepare
Registering precompiled user dll's ...
Registered in 0.005843 seconds.
Begin MonoManager ReloadAssembly
Native extension for WindowsStandalone target not found
Refreshing native plugins compatible for Editor in 0.58 ms, found 3 plugins.
Preloading 0 native plugins for Editor in 0.00 ms.
Mono: successfully reloaded assembly
- Completed reload, in  1.138 seconds
Domain Reload Profiling:
	ReloadAssembly (1138ms)
		BeginReloadAssembly (119ms)
			ExecutionOrderSort (0ms)
			DisableScriptedObjects (6ms)
			BackupInstance (0ms)
			ReleaseScriptingObjects (0ms)
			CreateAndSetChildDomain (33ms)
		EndReloadAssembly (960ms)
			LoadAssemblies (92ms)
			RebuildTransferFunctionScriptingTraits (0ms)
			SetupTypeCache (318ms)
			ReleaseScriptCaches (1ms)
			RebuildScriptCaches (56ms)
			SetupLoadedEditorAssemblies (331ms)
				LogAssemblyErrors (0ms)
				InitializePlatformSupportModulesInManaged (4ms)
				SetLoadedEditorAssemblies (1ms)
				RefreshPlugins (1ms)
				BeforeProcessingInitializeOnLoad (79ms)
				ProcessInitializeOnLoadAttributes (233ms)
				ProcessInitializeOnLoadMethodAttributes (11ms)
				AfterProcessingInitializeOnLoad (2ms)
				EditorAssembliesLoaded (0ms)
			ExecutionOrderSort2 (0ms)
			AwakeInstancesAfterBackupRestoration (9ms)
Platform modules already initialized, skipping
Refreshing native plugins compatible for Editor in 0.87 ms, found 3 plugins.
Preloading 0 native plugins for Editor in 0.00 ms.
Unloading 2336 Unused Serialized files (Serialized files now loaded: 0)
System memory in use before: 104.9 MB.
System memory in use after: 105.2 MB.

Unloading 18 unused Assets to reduce memory usage. Loaded Objects now: 3478.
Total: 3.319300 ms (FindLiveObjects: 0.262700 ms CreateObjectMapping: 0.140000 ms MarkObjects: 2.893200 ms  DeleteObjects: 0.022300 ms)

AssetImportParameters requested are different than current active one (requested -> active):
  custom:framework-win-MediaFoundation: 216162199b28c13a410421893ffa2e32 -> 
  custom:video-decoder-ogg-theora: a1e56fd34408186e4bbccfd4996cb3dc -> 
  custom:container-muxer-webm: aa71ff27fc2769a1b78a27578f13a17b -> 
  custom:container-demuxer-webm: 4f35f7cbe854078d1ac9338744f61a02 -> 
  custom:container-demuxer-ogg: 62fdf1f143b41e24485cea50d1cbac27 -> 
  custom:video-encoder-webm-vp8: eb34c28f22e8b96e1ab97ce403110664 -> 
  custom:video-codec-MediaFoundation-h265: 746d11721c4dcdbdad8f713fa42b33f4 -> 
  custom:video-decoder-webm-vp8: 9c59270c3fd7afecdb556c50c9e8de78 -> 
  custom:audio-decoder-ogg-vorbis: bf7c407c2cedff20999df2af8eb42d56 -> 
  custom:audio-encoder-webm-vorbis: bf7c407c2cedff20999df2af8eb42d56 -> 
========================================================================
Received Prepare
Registering precompiled user dll's ...
Registered in 0.004459 seconds.
Begin MonoManager ReloadAssembly
Native extension for WindowsStandalone target not found
Refreshing native plugins compatible for Editor in 0.58 ms, found 3 plugins.
Preloading 0 native plugins for Editor in 0.00 ms.
Mono: successfully reloaded assembly
- Completed reload, in  1.182 seconds
Domain Reload Profiling:
	ReloadAssembly (1182ms)
		BeginReloadAssembly (121ms)
			ExecutionOrderSort (0ms)
			DisableScriptedObjects (6ms)
			BackupInstance (0ms)
			ReleaseScriptingObjects (0ms)
			CreateAndSetChildDomain (36ms)
		EndReloadAssembly (993ms)
			LoadAssemblies (104ms)
			RebuildTransferFunctionScriptingTraits (0ms)
			SetupTypeCache (333ms)
			ReleaseScriptCaches (1ms)
			RebuildScriptCaches (64ms)
			SetupLoadedEditorAssemblies (379ms)
				LogAssemblyErrors (0ms)
				InitializePlatformSupportModulesInManaged (6ms)
				SetLoadedEditorAssemblies (1ms)
				RefreshPlugins (1ms)
				BeforeProcessingInitializeOnLoad (113ms)
				ProcessInitializeOnLoadAttributes (242ms)
				ProcessInitializeOnLoadMethodAttributes (15ms)
				AfterProcessingInitializeOnLoad (3ms)
				EditorAssembliesLoaded (0ms)
			ExecutionOrderSort2 (0ms)
			AwakeInstancesAfterBackupRestoration (11ms)
Platform modules already initialized, skipping
Refreshing native plugins compatible for Editor in 0.59 ms, found 3 plugins.
Preloading 0 native plugins for Editor in 0.00 ms.
Unloading 2336 Unused Serialized files (Serialized files now loaded: 0)
System memory in use before: 105.0 MB.
System memory in use after: 105.3 MB.

Unloading 18 unused Assets to reduce memory usage. Loaded Objects now: 3480.
Total: 4.157500 ms (FindLiveObjects: 0.267900 ms CreateObjectMapping: 0.157200 ms MarkObjects: 3.709900 ms  DeleteObjects: 0.020800 ms)

AssetImportParameters requested are different than current active one (requested -> active):
  custom:framework-win-MediaFoundation: 216162199b28c13a410421893ffa2e32 -> 
  custom:video-decoder-ogg-theora: a1e56fd34408186e4bbccfd4996cb3dc -> 
  custom:container-muxer-webm: aa71ff27fc2769a1b78a27578f13a17b -> 
  custom:container-demuxer-webm: 4f35f7cbe854078d1ac9338744f61a02 -> 
  custom:container-demuxer-ogg: 62fdf1f143b41e24485cea50d1cbac27 -> 
  custom:video-encoder-webm-vp8: eb34c28f22e8b96e1ab97ce403110664 -> 
  custom:video-codec-MediaFoundation-h265: 746d11721c4dcdbdad8f713fa42b33f4 -> 
  custom:video-decoder-webm-vp8: 9c59270c3fd7afecdb556c50c9e8de78 -> 
  custom:audio-decoder-ogg-vorbis: bf7c407c2cedff20999df2af8eb42d56 -> 
  custom:audio-encoder-webm-vorbis: bf7c407c2cedff20999df2af8eb42d56 -> 
========================================================================
Received Import Request.
  Time since last request: 2645.946368 seconds.
  path: Assets/LevelDesign
  artifactKey: Guid(4e827149045db284495f616ba177feb9) Importer(815301076,1909f56bfc062723c751e8b465ee728b)
Start importing Assets/LevelDesign using Guid(4e827149045db284495f616ba177feb9) Importer(815301076,1909f56bfc062723c751e8b465ee728b)  -> (artifact id: '0125a85afef8741b45daee7322b4e423') in 0.010609 seconds 
  Import took 0.020235 seconds .

========================================================================
Received Prepare
Registering precompiled user dll's ...
Registered in 0.004600 seconds.
Begin MonoManager ReloadAssembly
Native extension for WindowsStandalone target not found
Refreshing native plugins compatible for Editor in 0.59 ms, found 3 plugins.
Preloading 0 native plugins for Editor in 0.00 ms.
Mono: successfully reloaded assembly
- Completed reload, in  1.120 seconds
Domain Reload Profiling:
	ReloadAssembly (1121ms)
		BeginReloadAssembly (113ms)
			ExecutionOrderSort (0ms)
			DisableScriptedObjects (9ms)
			BackupInstance (0ms)
			ReleaseScriptingObjects (0ms)
			CreateAndSetChildDomain (37ms)
		EndReloadAssembly (944ms)
			LoadAssemblies (91ms)
			RebuildTransferFunctionScriptingTraits (0ms)
			SetupTypeCache (332ms)
			ReleaseScriptCaches (1ms)
			RebuildScriptCaches (50ms)
			SetupLoadedEditorAssemblies (359ms)
				LogAssemblyErrors (0ms)
				InitializePlatformSupportModulesInManaged (4ms)
				SetLoadedEditorAssemblies (1ms)
				RefreshPlugins (1ms)
				BeforeProcessingInitializeOnLoad (84ms)
				ProcessInitializeOnLoadAttributes (253ms)
				ProcessInitializeOnLoadMethodAttributes (14ms)
				AfterProcessingInitializeOnLoad (3ms)
				EditorAssembliesLoaded (0ms)
			ExecutionOrderSort2 (0ms)
			AwakeInstancesAfterBackupRestoration (13ms)
Platform modules already initialized, skipping
Refreshing native plugins compatible for Editor in 0.58 ms, found 3 plugins.
Preloading 0 native plugins for Editor in 0.00 ms.
Unloading 2336 Unused Serialized files (Serialized files now loaded: 0)
System memory in use before: 105.1 MB.
System memory in use after: 105.3 MB.

Unloading 18 unused Assets to reduce memory usage. Loaded Objects now: 3482.
Total: 4.729000 ms (FindLiveObjects: 0.381700 ms CreateObjectMapping: 0.151900 ms MarkObjects: 4.169700 ms  DeleteObjects: 0.023700 ms)

AssetImportParameters requested are different than current active one (requested -> active):
  custom:framework-win-MediaFoundation: 216162199b28c13a410421893ffa2e32 -> 
  custom:video-decoder-ogg-theora: a1e56fd34408186e4bbccfd4996cb3dc -> 
  custom:container-muxer-webm: aa71ff27fc2769a1b78a27578f13a17b -> 
  custom:container-demuxer-webm: 4f35f7cbe854078d1ac9338744f61a02 -> 
  custom:container-demuxer-ogg: 62fdf1f143b41e24485cea50d1cbac27 -> 
  custom:video-encoder-webm-vp8: eb34c28f22e8b96e1ab97ce403110664 -> 
  custom:video-codec-MediaFoundation-h265: 746d11721c4dcdbdad8f713fa42b33f4 -> 
  custom:video-decoder-webm-vp8: 9c59270c3fd7afecdb556c50c9e8de78 -> 
  custom:audio-decoder-ogg-vorbis: bf7c407c2cedff20999df2af8eb42d56 -> 
  custom:audio-encoder-webm-vorbis: bf7c407c2cedff20999df2af8eb42d56 -> 
========================================================================
Received Prepare
Registering precompiled user dll's ...
Registered in 0.004306 seconds.
Begin MonoManager ReloadAssembly
Native extension for WindowsStandalone target not found
Refreshing native plugins compatible for Editor in 0.98 ms, found 3 plugins.
Preloading 0 native plugins for Editor in 0.00 ms.
Mono: successfully reloaded assembly
- Completed reload, in  1.136 seconds
Domain Reload Profiling:
	ReloadAssembly (1136ms)
		BeginReloadAssembly (113ms)
			ExecutionOrderSort (0ms)
			DisableScriptedObjects (7ms)
			BackupInstance (0ms)
			ReleaseScriptingObjects (0ms)
			CreateAndSetChildDomain (34ms)
		EndReloadAssembly (967ms)
			LoadAssemblies (93ms)
			RebuildTransferFunctionScriptingTraits (0ms)
			SetupTypeCache (345ms)
			ReleaseScriptCaches (1ms)
			RebuildScriptCaches (59ms)
			SetupLoadedEditorAssemblies (350ms)
				LogAssemblyErrors (0ms)
				InitializePlatformSupportModulesInManaged (8ms)
				SetLoadedEditorAssemblies (1ms)
				RefreshPlugins (1ms)
				BeforeProcessingInitializeOnLoad (72ms)
				ProcessInitializeOnLoadAttributes (253ms)
				ProcessInitializeOnLoadMethodAttributes (13ms)
				AfterProcessingInitializeOnLoad (2ms)
				EditorAssembliesLoaded (0ms)
			ExecutionOrderSort2 (0ms)
			AwakeInstancesAfterBackupRestoration (9ms)
Platform modules already initialized, skipping
Refreshing native plugins compatible for Editor in 0.61 ms, found 3 plugins.
Preloading 0 native plugins for Editor in 0.00 ms.
Unloading 2336 Unused Serialized files (Serialized files now loaded: 0)
System memory in use before: 105.1 MB.
System memory in use after: 105.3 MB.

Unloading 18 unused Assets to reduce memory usage. Loaded Objects now: 3484.
Total: 3.384100 ms (FindLiveObjects: 0.259600 ms CreateObjectMapping: 0.137800 ms MarkObjects: 2.965500 ms  DeleteObjects: 0.020000 ms)

AssetImportParameters requested are different than current active one (requested -> active):
  custom:framework-win-MediaFoundation: 216162199b28c13a410421893ffa2e32 -> 
  custom:video-decoder-ogg-theora: a1e56fd34408186e4bbccfd4996cb3dc -> 
  custom:container-muxer-webm: aa71ff27fc2769a1b78a27578f13a17b -> 
  custom:container-demuxer-webm: 4f35f7cbe854078d1ac9338744f61a02 -> 
  custom:container-demuxer-ogg: 62fdf1f143b41e24485cea50d1cbac27 -> 
  custom:video-encoder-webm-vp8: eb34c28f22e8b96e1ab97ce403110664 -> 
  custom:video-codec-MediaFoundation-h265: 746d11721c4dcdbdad8f713fa42b33f4 -> 
  custom:video-decoder-webm-vp8: 9c59270c3fd7afecdb556c50c9e8de78 -> 
  custom:audio-decoder-ogg-vorbis: bf7c407c2cedff20999df2af8eb42d56 -> 
  custom:audio-encoder-webm-vorbis: bf7c407c2cedff20999df2af8eb42d56 -> 
========================================================================
Received Prepare
Registering precompiled user dll's ...
Registered in 0.006096 seconds.
Begin MonoManager ReloadAssembly
Native extension for WindowsStandalone target not found
Refreshing native plugins compatible for Editor in 0.53 ms, found 3 plugins.
Preloading 0 native plugins for Editor in 0.00 ms.
Mono: successfully reloaded assembly
- Completed reload, in  1.000 seconds
Domain Reload Profiling:
	ReloadAssembly (1001ms)
		BeginReloadAssembly (167ms)
			ExecutionOrderSort (0ms)
			DisableScriptedObjects (6ms)
			BackupInstance (0ms)
			ReleaseScriptingObjects (0ms)
			CreateAndSetChildDomain (68ms)
		EndReloadAssembly (774ms)
			LoadAssemblies (87ms)
			RebuildTransferFunctionScriptingTraits (0ms)
			SetupTypeCache (275ms)
			ReleaseScriptCaches (1ms)
			RebuildScriptCaches (42ms)
			SetupLoadedEditorAssemblies (275ms)
				LogAssemblyErrors (0ms)
				InitializePlatformSupportModulesInManaged (4ms)
				SetLoadedEditorAssemblies (0ms)
				RefreshPlugins (1ms)
				BeforeProcessingInitializeOnLoad (57ms)
				ProcessInitializeOnLoadAttributes (199ms)
				ProcessInitializeOnLoadMethodAttributes (10ms)
				AfterProcessingInitializeOnLoad (3ms)
				EditorAssembliesLoaded (0ms)
			ExecutionOrderSort2 (0ms)
			AwakeInstancesAfterBackupRestoration (8ms)
Platform modules already initialized, skipping
Refreshing native plugins compatible for Editor in 0.58 ms, found 3 plugins.
Preloading 0 native plugins for Editor in 0.00 ms.
Unloading 2336 Unused Serialized files (Serialized files now loaded: 0)
System memory in use before: 105.1 MB.
System memory in use after: 105.3 MB.

Unloading 18 unused Assets to reduce memory usage. Loaded Objects now: 3486.
Total: 3.366100 ms (FindLiveObjects: 0.234800 ms CreateObjectMapping: 0.207300 ms MarkObjects: 2.890700 ms  DeleteObjects: 0.032100 ms)

AssetImportParameters requested are different than current active one (requested -> active):
  custom:framework-win-MediaFoundation: 216162199b28c13a410421893ffa2e32 -> 
  custom:video-decoder-ogg-theora: a1e56fd34408186e4bbccfd4996cb3dc -> 
  custom:container-muxer-webm: aa71ff27fc2769a1b78a27578f13a17b -> 
  custom:container-demuxer-webm: 4f35f7cbe854078d1ac9338744f61a02 -> 
  custom:container-demuxer-ogg: 62fdf1f143b41e24485cea50d1cbac27 -> 
  custom:video-encoder-webm-vp8: eb34c28f22e8b96e1ab97ce403110664 -> 
  custom:video-codec-MediaFoundation-h265: 746d11721c4dcdbdad8f713fa42b33f4 -> 
  custom:video-decoder-webm-vp8: 9c59270c3fd7afecdb556c50c9e8de78 -> 
  custom:audio-decoder-ogg-vorbis: bf7c407c2cedff20999df2af8eb42d56 -> 
  custom:audio-encoder-webm-vorbis: bf7c407c2cedff20999df2af8eb42d56 -> 
========================================================================
Received Prepare
Registering precompiled user dll's ...
Registered in 0.005342 seconds.
Begin MonoManager ReloadAssembly
Native extension for WindowsStandalone target not found
Refreshing native plugins compatible for Editor in 0.67 ms, found 3 plugins.
Preloading 0 native plugins for Editor in 0.00 ms.
Mono: successfully reloaded assembly
- Completed reload, in  1.181 seconds
Domain Reload Profiling:
	ReloadAssembly (1182ms)
		BeginReloadAssembly (122ms)
			ExecutionOrderSort (0ms)
			DisableScriptedObjects (6ms)
			BackupInstance (0ms)
			ReleaseScriptingObjects (0ms)
			CreateAndSetChildDomain (34ms)
		EndReloadAssembly (991ms)
			LoadAssemblies (97ms)
			RebuildTransferFunctionScriptingTraits (0ms)
			SetupTypeCache (354ms)
			ReleaseScriptCaches (1ms)
			RebuildScriptCaches (65ms)
			SetupLoadedEditorAssemblies (343ms)
				LogAssemblyErrors (0ms)
				InitializePlatformSupportModulesInManaged (6ms)
				SetLoadedEditorAssemblies (1ms)
				RefreshPlugins (1ms)
				BeforeProcessingInitializeOnLoad (79ms)
				ProcessInitializeOnLoadAttributes (241ms)
				ProcessInitializeOnLoadMethodAttributes (11ms)
				AfterProcessingInitializeOnLoad (3ms)
				EditorAssembliesLoaded (0ms)
			ExecutionOrderSort2 (0ms)
			AwakeInstancesAfterBackupRestoration (10ms)
Platform modules already initialized, skipping
Refreshing native plugins compatible for Editor in 0.58 ms, found 3 plugins.
Preloading 0 native plugins for Editor in 0.00 ms.
Unloading 2336 Unused Serialized files (Serialized files now loaded: 0)
System memory in use before: 105.0 MB.
System memory in use after: 105.2 MB.

Unloading 18 unused Assets to reduce memory usage. Loaded Objects now: 3488.
Total: 4.713900 ms (FindLiveObjects: 0.366300 ms CreateObjectMapping: 0.162100 ms MarkObjects: 4.158700 ms  DeleteObjects: 0.025200 ms)

AssetImportParameters requested are different than current active one (requested -> active):
  custom:framework-win-MediaFoundation: 216162199b28c13a410421893ffa2e32 -> 
  custom:video-decoder-ogg-theora: a1e56fd34408186e4bbccfd4996cb3dc -> 
  custom:container-muxer-webm: aa71ff27fc2769a1b78a27578f13a17b -> 
  custom:container-demuxer-webm: 4f35f7cbe854078d1ac9338744f61a02 -> 
  custom:container-demuxer-ogg: 62fdf1f143b41e24485cea50d1cbac27 -> 
  custom:video-encoder-webm-vp8: eb34c28f22e8b96e1ab97ce403110664 -> 
  custom:video-codec-MediaFoundation-h265: 746d11721c4dcdbdad8f713fa42b33f4 -> 
  custom:video-decoder-webm-vp8: 9c59270c3fd7afecdb556c50c9e8de78 -> 
  custom:audio-decoder-ogg-vorbis: bf7c407c2cedff20999df2af8eb42d56 -> 
  custom:audio-encoder-webm-vorbis: bf7c407c2cedff20999df2af8eb42d56 -> 
========================================================================
Received Prepare
Registering precompiled user dll's ...
Registered in 0.004358 seconds.
Begin MonoManager ReloadAssembly
Native extension for WindowsStandalone target not found
Refreshing native plugins compatible for Editor in 1.58 ms, found 3 plugins.
Preloading 0 native plugins for Editor in 0.00 ms.
Mono: successfully reloaded assembly
- Completed reload, in  1.161 seconds
Domain Reload Profiling:
	ReloadAssembly (1162ms)
		BeginReloadAssembly (109ms)
			ExecutionOrderSort (0ms)
			DisableScriptedObjects (8ms)
			BackupInstance (0ms)
			ReleaseScriptingObjects (0ms)
			CreateAndSetChildDomain (37ms)
		EndReloadAssembly (995ms)
			LoadAssemblies (96ms)
			RebuildTransferFunctionScriptingTraits (0ms)
			SetupTypeCache (336ms)
			ReleaseScriptCaches (1ms)
			RebuildScriptCaches (69ms)
			SetupLoadedEditorAssemblies (346ms)
				LogAssemblyErrors (0ms)
				InitializePlatformSupportModulesInManaged (7ms)
				SetLoadedEditorAssemblies (1ms)
				RefreshPlugins (2ms)
				BeforeProcessingInitializeOnLoad (67ms)
				ProcessInitializeOnLoadAttributes (254ms)
				ProcessInitializeOnLoadMethodAttributes (11ms)
				AfterProcessingInitializeOnLoad (4ms)
				EditorAssembliesLoaded (0ms)
			ExecutionOrderSort2 (0ms)
			AwakeInstancesAfterBackupRestoration (9ms)
Platform modules already initialized, skipping
Refreshing native plugins compatible for Editor in 0.90 ms, found 3 plugins.
Preloading 0 native plugins for Editor in 0.00 ms.
Unloading 2336 Unused Serialized files (Serialized files now loaded: 0)
System memory in use before: 105.1 MB.
System memory in use after: 105.3 MB.

Unloading 18 unused Assets to reduce memory usage. Loaded Objects now: 3490.
Total: 3.668100 ms (FindLiveObjects: 0.274800 ms CreateObjectMapping: 0.167500 ms MarkObjects: 3.202100 ms  DeleteObjects: 0.022400 ms)

AssetImportParameters requested are different than current active one (requested -> active):
  custom:framework-win-MediaFoundation: 216162199b28c13a410421893ffa2e32 -> 
  custom:video-decoder-ogg-theora: a1e56fd34408186e4bbccfd4996cb3dc -> 
  custom:container-muxer-webm: aa71ff27fc2769a1b78a27578f13a17b -> 
  custom:container-demuxer-webm: 4f35f7cbe854078d1ac9338744f61a02 -> 
  custom:container-demuxer-ogg: 62fdf1f143b41e24485cea50d1cbac27 -> 
  custom:video-encoder-webm-vp8: eb34c28f22e8b96e1ab97ce403110664 -> 
  custom:video-codec-MediaFoundation-h265: 746d11721c4dcdbdad8f713fa42b33f4 -> 
  custom:video-decoder-webm-vp8: 9c59270c3fd7afecdb556c50c9e8de78 -> 
  custom:audio-decoder-ogg-vorbis: bf7c407c2cedff20999df2af8eb42d56 -> 
  custom:audio-encoder-webm-vorbis: bf7c407c2cedff20999df2af8eb42d56 -> 
========================================================================
Received Prepare
Registering precompiled user dll's ...
Registered in 0.007020 seconds.
Begin MonoManager ReloadAssembly
Native extension for WindowsStandalone target not found
Refreshing native plugins compatible for Editor in 1.10 ms, found 3 plugins.
Preloading 0 native plugins for Editor in 0.00 ms.
Mono: successfully reloaded assembly
- Completed reload, in  2.345 seconds
Domain Reload Profiling:
	ReloadAssembly (2346ms)
		BeginReloadAssembly (217ms)
			ExecutionOrderSort (0ms)
			DisableScriptedObjects (15ms)
			BackupInstance (0ms)
			ReleaseScriptingObjects (0ms)
			CreateAndSetChildDomain (69ms)
		EndReloadAssembly (1998ms)
			LoadAssemblies (206ms)
			RebuildTransferFunctionScriptingTraits (0ms)
			SetupTypeCache (701ms)
			ReleaseScriptCaches (2ms)
			RebuildScriptCaches (110ms)
			SetupLoadedEditorAssemblies (723ms)
				LogAssemblyErrors (0ms)
				InitializePlatformSupportModulesInManaged (9ms)
				SetLoadedEditorAssemblies (1ms)
				RefreshPlugins (1ms)
				BeforeProcessingInitializeOnLoad (136ms)
				ProcessInitializeOnLoadAttributes (540ms)
				ProcessInitializeOnLoadMethodAttributes (29ms)
				AfterProcessingInitializeOnLoad (6ms)
				EditorAssembliesLoaded (0ms)
			ExecutionOrderSort2 (0ms)
			AwakeInstancesAfterBackupRestoration (24ms)
Platform modules already initialized, skipping
Refreshing native plugins compatible for Editor in 1.26 ms, found 3 plugins.
Preloading 0 native plugins for Editor in 0.00 ms.
Unloading 2336 Unused Serialized files (Serialized files now loaded: 0)
System memory in use before: 105.1 MB.
System memory in use after: 105.3 MB.

Unloading 18 unused Assets to reduce memory usage. Loaded Objects now: 3492.
Total: 6.404500 ms (FindLiveObjects: 0.465900 ms CreateObjectMapping: 0.238700 ms MarkObjects: 5.613400 ms  DeleteObjects: 0.084400 ms)

AssetImportParameters requested are different than current active one (requested -> active):
  custom:framework-win-MediaFoundation: 216162199b28c13a410421893ffa2e32 -> 
  custom:video-decoder-ogg-theora: a1e56fd34408186e4bbccfd4996cb3dc -> 
  custom:container-muxer-webm: aa71ff27fc2769a1b78a27578f13a17b -> 
  custom:container-demuxer-webm: 4f35f7cbe854078d1ac9338744f61a02 -> 
  custom:container-demuxer-ogg: 62fdf1f143b41e24485cea50d1cbac27 -> 
  custom:video-encoder-webm-vp8: eb34c28f22e8b96e1ab97ce403110664 -> 
  custom:video-codec-MediaFoundation-h265: 746d11721c4dcdbdad8f713fa42b33f4 -> 
  custom:video-decoder-webm-vp8: 9c59270c3fd7afecdb556c50c9e8de78 -> 
  custom:audio-decoder-ogg-vorbis: bf7c407c2cedff20999df2af8eb42d56 -> 
  custom:audio-encoder-webm-vorbis: bf7c407c2cedff20999df2af8eb42d56 -> 
========================================================================
Received Prepare
Registering precompiled user dll's ...
Registered in 0.007519 seconds.
Begin MonoManager ReloadAssembly
Native extension for WindowsStandalone target not found
Refreshing native plugins compatible for Editor in 1.10 ms, found 3 plugins.
Preloading 0 native plugins for Editor in 0.00 ms.
Mono: successfully reloaded assembly
- Completed reload, in  2.558 seconds
Domain Reload Profiling:
	ReloadAssembly (2559ms)
		BeginReloadAssembly (250ms)
			ExecutionOrderSort (0ms)
			DisableScriptedObjects (24ms)
			BackupInstance (0ms)
			ReleaseScriptingObjects (0ms)
			CreateAndSetChildDomain (50ms)
		EndReloadAssembly (2148ms)
			LoadAssemblies (295ms)
			RebuildTransferFunctionScriptingTraits (0ms)
			SetupTypeCache (813ms)
			ReleaseScriptCaches (2ms)
			RebuildScriptCaches (115ms)
			SetupLoadedEditorAssemblies (717ms)
				LogAssemblyErrors (0ms)
				InitializePlatformSupportModulesInManaged (10ms)
				SetLoadedEditorAssemblies (1ms)
				RefreshPlugins (1ms)
				BeforeProcessingInitializeOnLoad (141ms)
				ProcessInitializeOnLoadAttributes (530ms)
				ProcessInitializeOnLoadMethodAttributes (28ms)
				AfterProcessingInitializeOnLoad (5ms)
				EditorAssembliesLoaded (0ms)
			ExecutionOrderSort2 (0ms)
			AwakeInstancesAfterBackupRestoration (25ms)
Platform modules already initialized, skipping
Refreshing native plugins compatible for Editor in 1.08 ms, found 3 plugins.
Preloading 0 native plugins for Editor in 0.00 ms.
Unloading 2336 Unused Serialized files (Serialized files now loaded: 0)
System memory in use before: 105.1 MB.
System memory in use after: 105.3 MB.

Unloading 18 unused Assets to reduce memory usage. Loaded Objects now: 3494.
Total: 5.246700 ms (FindLiveObjects: 0.627000 ms CreateObjectMapping: 0.249100 ms MarkObjects: 4.343800 ms  DeleteObjects: 0.024700 ms)

AssetImportParameters requested are different than current active one (requested -> active):
  custom:framework-win-MediaFoundation: 216162199b28c13a410421893ffa2e32 -> 
  custom:video-decoder-ogg-theora: a1e56fd34408186e4bbccfd4996cb3dc -> 
  custom:container-muxer-webm: aa71ff27fc2769a1b78a27578f13a17b -> 
  custom:container-demuxer-webm: 4f35f7cbe854078d1ac9338744f61a02 -> 
  custom:container-demuxer-ogg: 62fdf1f143b41e24485cea50d1cbac27 -> 
  custom:video-encoder-webm-vp8: eb34c28f22e8b96e1ab97ce403110664 -> 
  custom:video-codec-MediaFoundation-h265: 746d11721c4dcdbdad8f713fa42b33f4 -> 
  custom:video-decoder-webm-vp8: 9c59270c3fd7afecdb556c50c9e8de78 -> 
  custom:audio-decoder-ogg-vorbis: bf7c407c2cedff20999df2af8eb42d56 -> 
  custom:audio-encoder-webm-vorbis: bf7c407c2cedff20999df2af8eb42d56 -> 
AssetImportWorkerClient::OnTransportError - code=2 error=End of file
